<?xml version="1.0" encoding="UTF-8"?>
<!-- Generated by org.testng.reporters.JUnitReportReporter -->
<testsuite skipped="0" hostname="DESKTOP-CF4VV44" name="com.basic.para.Para2" tests="1" failures="0" timestamp="10 Feb 2018 21:37:56 GMT" time="80.120" errors="0">
  <testcase name="m1" time="80.120" classname="com.basic.para.Para2"/>
</testsuite> <!-- com.basic.para.Para2 -->
